<?xml version="1.0" encoding="UTF-8"?>
<!-- Generated by org.testng.reporters.JUnitReportReporter -->
<testsuite hostname="DESKTOP-070BOFV" failures="0" tests="1" name="org.selenium.TestTest" time="0.017" errors="0" timestamp="2022-03-11T18:00:20 IST" skipped="0">
  <testcase classname="org.selenium.TestTest" name="newTest" time="0.017"/>
  <system-out/>
</testsuite> <!-- org.selenium.TestTest -->
