<?xml version="1.0" encoding="UTF-8"?>
<!-- Generated by org.testng.reporters.JUnitReportReporter -->
<testsuite hostname="DESKTOP-070BOFV" failures="0" tests="1" name="org.selenium.TestTest" time="21.269" errors="0" timestamp="2022-03-16T14:21:55 IST" skipped="0">
  <testcase classname="org.selenium.TestTest" name="checkoutDBT" time="21.269"/>
  <system-out/>
</testsuite> <!-- org.selenium.TestTest -->
