<?xml version="1.0" encoding="UTF-8"?>
<!-- Generated by org.testng.reporters.JUnitReportReporter -->
<testsuite hostname="DESKTOP-070BOFV" failures="0" tests="1" name="org.selenium.TestTest" time="19.404" errors="0" timestamp="2022-03-15T15:21:42 IST" skipped="0">
  <testcase classname="org.selenium.TestTest" name="checkoutDBT" time="19.404"/>
  <system-out/>
</testsuite> <!-- org.selenium.TestTest -->
